Using pre-set license
Built from '2021.3/staging' branch; Version is '2021.3.25f1 (68ef2c4f8861) revision 6876972'; Using compiler version '192829333'; Build Type 'Release'
OS: 'Windows 11  (10.0.22621) 64bit Professional' Language: 'en' Physical Memory: 32640 MB
BatchMode: 1, IsHumanControllingUs: 0, StartBugReporterOnCrash: 0, Is64bit: 1, IsPro: 1

COMMAND LINE ARGUMENTS:
C:\Program Files\Unity\Hub\Editor\2021.3.25f1\Editor\Unity.exe
-adb2
-batchMode
-noUpm
-name
AssetImportWorker0
-projectPath
C:/Users/Administrator/Documents/Projects/AllArt/opensource/allart-sui-wallet
-logFile
Logs/AssetImportWorker0.log
-srvPort
62247
Successfully changed project path to: C:/Users/Administrator/Documents/Projects/AllArt/opensource/allart-sui-wallet
C:/Users/Administrator/Documents/Projects/AllArt/opensource/allart-sui-wallet
[UnityMemory] Configuration Parameters - Can be set up in boot.config
    "memorysetup-bucket-allocator-granularity=16"
    "memorysetup-bucket-allocator-bucket-count=8"
    "memorysetup-bucket-allocator-block-size=33554432"
    "memorysetup-bucket-allocator-block-count=8"
    "memorysetup-main-allocator-block-size=16777216"
    "memorysetup-thread-allocator-block-size=16777216"
    "memorysetup-gfx-main-allocator-block-size=16777216"
    "memorysetup-gfx-thread-allocator-block-size=16777216"
    "memorysetup-cache-allocator-block-size=4194304"
    "memorysetup-typetree-allocator-block-size=2097152"
    "memorysetup-profiler-bucket-allocator-granularity=16"
    "memorysetup-profiler-bucket-allocator-bucket-count=8"
    "memorysetup-profiler-bucket-allocator-block-size=33554432"
    "memorysetup-profiler-bucket-allocator-block-count=8"
    "memorysetup-profiler-allocator-block-size=16777216"
    "memorysetup-profiler-editor-allocator-block-size=1048576"
    "memorysetup-temp-allocator-size-main=16777216"
    "memorysetup-job-temp-allocator-block-size=2097152"
    "memorysetup-job-temp-allocator-block-size-background=1048576"
    "memorysetup-job-temp-allocator-reduction-small-platforms=262144"
    "memorysetup-temp-allocator-size-background-worker=32768"
    "memorysetup-temp-allocator-size-job-worker=262144"
    "memorysetup-temp-allocator-size-preload-manager=33554432"
    "memorysetup-temp-allocator-size-nav-mesh-worker=65536"
    "memorysetup-temp-allocator-size-audio-worker=65536"
    "memorysetup-temp-allocator-size-cloud-worker=32768"
    "memorysetup-temp-allocator-size-gi-baking-worker=262144"
    "memorysetup-temp-allocator-size-gfx=262144"
Player connection [37620] Host "[IP] 192.168.0.154 [Port] 0 [Flags] 2 [Guid] 1822697343 [EditorId] 1822697343 [Version] 1048832 [Id] WindowsEditor(7,DESKTOP-KFD2SMN) [Debug] 1 [PackageName] WindowsEditor [ProjectName] Editor" joined multi-casting on [225.0.0.222:54997]...

Player connection [37620] Host "[IP] 192.168.0.154 [Port] 0 [Flags] 2 [Guid] 1822697343 [EditorId] 1822697343 [Version] 1048832 [Id] WindowsEditor(7,DESKTOP-KFD2SMN) [Debug] 1 [PackageName] WindowsEditor [ProjectName] Editor" joined alternative multi-casting on [225.0.0.222:34997]...

Refreshing native plugins compatible for Editor in 72.81 ms, found 3 plugins.
Preloading 0 native plugins for Editor in 0.00 ms.
Initialize engine version: 2021.3.25f1 (68ef2c4f8861)
[Subsystems] Discovering subsystems at path C:/Program Files/Unity/Hub/Editor/2021.3.25f1/Editor/Data/Resources/UnitySubsystems
[Subsystems] Discovering subsystems at path C:/Users/Administrator/Documents/Projects/AllArt/opensource/allart-sui-wallet/Assets
GfxDevice: creating device client; threaded=0; jobified=0
Direct3D:
    Version:  Direct3D 11.0 [level 11.1]
    Renderer: NVIDIA GeForce RTX 3070 Laptop GPU (ID=0x249d)
    Vendor:   NVIDIA
    VRAM:     8033 MB
    Driver:   31.0.15.3598
Initialize mono
Mono path[0] = 'C:/Program Files/Unity/Hub/Editor/2021.3.25f1/Editor/Data/Managed'
Mono path[1] = 'C:/Program Files/Unity/Hub/Editor/2021.3.25f1/Editor/Data/MonoBleedingEdge/lib/mono/unityjit-win32'
Mono config path = 'C:/Program Files/Unity/Hub/Editor/2021.3.25f1/Editor/Data/MonoBleedingEdge/etc'
Using monoOptions --debugger-agent=transport=dt_socket,embedding=1,server=y,suspend=n,address=127.0.0.1:56508
Begin MonoManager ReloadAssembly
Registering precompiled unity dll's ...
Register platform support module: C:/Program Files/Unity/Hub/Editor/2021.3.25f1/Editor/Data/PlaybackEngines/AndroidPlayer/UnityEditor.Android.Extensions.dll
Register platform support module: C:/Program Files/Unity/Hub/Editor/2021.3.25f1/Editor/Data/PlaybackEngines/WindowsStandaloneSupport/UnityEditor.WindowsStandalone.Extensions.dll
Registered in 0.006547 seconds.
Native extension for WindowsStandalone target not found
Native extension for Android target not found
Android Extension - Scanning For ADB Devices 352 ms
Refreshing native plugins compatible for Editor in 76.49 ms, found 3 plugins.
Preloading 0 native plugins for Editor in 0.00 ms.
Mono: successfully reloaded assembly
- Completed reload, in  1.191 seconds
Domain Reload Profiling:
	ReloadAssembly (1192ms)
		BeginReloadAssembly (121ms)
			ExecutionOrderSort (0ms)
			DisableScriptedObjects (0ms)
			BackupInstance (0ms)
			ReleaseScriptingObjects (0ms)
			CreateAndSetChildDomain (1ms)
		EndReloadAssembly (942ms)
			LoadAssemblies (120ms)
			RebuildTransferFunctionScriptingTraits (0ms)
			SetupTypeCache (150ms)
			ReleaseScriptCaches (0ms)
			RebuildScriptCaches (32ms)
			SetupLoadedEditorAssemblies (702ms)
				LogAssemblyErrors (0ms)
				InitializePlatformSupportModulesInManaged (471ms)
				SetLoadedEditorAssemblies (0ms)
				RefreshPlugins (77ms)
				BeforeProcessingInitializeOnLoad (1ms)
				ProcessInitializeOnLoadAttributes (97ms)
				ProcessInitializeOnLoadMethodAttributes (55ms)
				AfterProcessingInitializeOnLoad (0ms)
				EditorAssembliesLoaded (0ms)
			ExecutionOrderSort2 (0ms)
			AwakeInstancesAfterBackupRestoration (0ms)
Platform modules already initialized, skipping
Registering precompiled user dll's ...
Registered in 0.008082 seconds.
Begin MonoManager ReloadAssembly
Symbol file LoadedFromMemory doesn't match image C:\Users\Administrator\Documents\Projects\AllArt\opensource\allart-sui-wallet\Library\PackageCache\com.unity.visualscripting@1.8.0\Editor\VisualScripting.Core\Dependencies\YamlDotNet\Unity.VisualScripting.YamlDotNet.dll
Symbol file LoadedFromMemory doesn't match image C:\Users\Administrator\Documents\Projects\AllArt\opensource\allart-sui-wallet\Library\PackageCache\com.unity.visualscripting@1.8.0\Editor\VisualScripting.Core\Dependencies\DotNetZip\Unity.VisualScripting.IonicZip.dll
Symbol file LoadedFromMemory is not a mono symbol file
Native extension for WindowsStandalone target not found
Native extension for Android target not found
Refreshing native plugins compatible for Editor in 0.55 ms, found 3 plugins.
Preloading 0 native plugins for Editor in 0.00 ms.
Mono: successfully reloaded assembly
- Completed reload, in  1.326 seconds
Domain Reload Profiling:
	ReloadAssembly (1327ms)
		BeginReloadAssembly (117ms)
			ExecutionOrderSort (0ms)
			DisableScriptedObjects (6ms)
			BackupInstance (0ms)
			ReleaseScriptingObjects (0ms)
			CreateAndSetChildDomain (21ms)
		EndReloadAssembly (1109ms)
			LoadAssemblies (94ms)
			RebuildTransferFunctionScriptingTraits (0ms)
			SetupTypeCache (422ms)
			ReleaseScriptCaches (1ms)
			RebuildScriptCaches (68ms)
			SetupLoadedEditorAssemblies (436ms)
				LogAssemblyErrors (0ms)
				InitializePlatformSupportModulesInManaged (24ms)
				SetLoadedEditorAssemblies (0ms)
				RefreshPlugins (1ms)
				BeforeProcessingInitializeOnLoad (99ms)
				ProcessInitializeOnLoadAttributes (272ms)
				ProcessInitializeOnLoadMethodAttributes (31ms)
				AfterProcessingInitializeOnLoad (9ms)
				EditorAssembliesLoaded (0ms)
			ExecutionOrderSort2 (0ms)
			AwakeInstancesAfterBackupRestoration (20ms)
Platform modules already initialized, skipping
========================================================================
Worker process is ready to serve import requests
Launched and connected shader compiler UnityShaderCompiler.exe after 0.06 seconds
Refreshing native plugins compatible for Editor in 0.55 ms, found 3 plugins.
Preloading 0 native plugins for Editor in 0.00 ms.
Unloading 3103 Unused Serialized files (Serialized files now loaded: 0)
Unloading 30 unused Assets / (341.4 KB). Loaded Objects now: 3561.
Memory consumption went from 116.9 MB to 116.6 MB.
Total: 3.667300 ms (FindLiveObjects: 0.377100 ms CreateObjectMapping: 0.321700 ms MarkObjects: 2.860600 ms  DeleteObjects: 0.106800 ms)

AssetImportParameters requested are different than current active one (requested -> active):
  custom:video-decoder-ogg-theora: a1e56fd34408186e4bbccfd4996cb3dc -> 
  custom:container-muxer-webm: aa71ff27fc2769a1b78a27578f13a17b -> 
  custom:container-demuxer-webm: 4f35f7cbe854078d1ac9338744f61a02 -> 
  custom:video-encoder-webm-vp8: eb34c28f22e8b96e1ab97ce403110664 -> 
  custom:audio-encoder-webm-vorbis: bf7c407c2cedff20999df2af8eb42d56 -> 
  custom:framework-win-MediaFoundation: 216162199b28c13a410421893ffa2e32 -> 
  custom:container-demuxer-ogg: 62fdf1f143b41e24485cea50d1cbac27 -> 
  custom:video-decoder-webm-vp8: 9c59270c3fd7afecdb556c50c9e8de78 -> 
  custom:audio-decoder-ogg-vorbis: bf7c407c2cedff20999df2af8eb42d56 -> 
========================================================================
Received Import Request.
  Time since last request: 567344.554899 seconds.
  path: Assets/Sample/Sprites/activity-ico.png
  artifactKey: Guid(e42c14e763b6f61488e70617e8777c61) Importer(815301076,1909f56bfc062723c751e8b465ee728b)
Start importing Assets/Sample/Sprites/activity-ico.png using Guid(e42c14e763b6f61488e70617e8777c61) Importer(815301076,1909f56bfc062723c751e8b465ee728b)  -> (artifact id: '694239cc08b57ea1bdb83bd9500c6385') in 0.074173 seconds 
========================================================================
Received Import Request.
  Time since last request: 5.928331 seconds.
  path: Assets/Sample/Sprites/allart-sui-logo-small.png
  artifactKey: Guid(3a128963d733f6a4da2423edd7bf6142) Importer(815301076,1909f56bfc062723c751e8b465ee728b)
Start importing Assets/Sample/Sprites/allart-sui-logo-small.png using Guid(3a128963d733f6a4da2423edd7bf6142) Importer(815301076,1909f56bfc062723c751e8b465ee728b)  -> (artifact id: '97ce4c05ee727b85d02553cb6647efc4') in 0.007761 seconds 
========================================================================
Received Import Request.
  Time since last request: 4.145676 seconds.
  path: Assets/Sample/Sprites/Button-remove.png
  artifactKey: Guid(2979ac167cb2ec54889cb40e2c2832c7) Importer(815301076,1909f56bfc062723c751e8b465ee728b)
Start importing Assets/Sample/Sprites/Button-remove.png using Guid(2979ac167cb2ec54889cb40e2c2832c7) Importer(815301076,1909f56bfc062723c751e8b465ee728b)  -> (artifact id: '342e0ccb7062e80204efab3063b50a24') in 0.007890 seconds 
========================================================================
Received Import Request.
  Time since last request: 3.097038 seconds.
  path: Assets/Sample/Sprites/dropdown-ico.png
  artifactKey: Guid(5ddabd015455c46429c497f6592b5946) Importer(815301076,1909f56bfc062723c751e8b465ee728b)
Start importing Assets/Sample/Sprites/dropdown-ico.png using Guid(5ddabd015455c46429c497f6592b5946) Importer(815301076,1909f56bfc062723c751e8b465ee728b)  -> (artifact id: '2b17304ff8923a3194fc4b5f0e18675b') in 0.007813 seconds 
========================================================================
Received Import Request.
  Time since last request: 0.608718 seconds.
  path: Assets/Sample/Sprites/Input-active.png
  artifactKey: Guid(55f19a2f5b589674baf72b961d5885a2) Importer(815301076,1909f56bfc062723c751e8b465ee728b)
Start importing Assets/Sample/Sprites/Input-active.png using Guid(55f19a2f5b589674baf72b961d5885a2) Importer(815301076,1909f56bfc062723c751e8b465ee728b)  -> (artifact id: '30d5c8f8d92375e391155fc29b23ed51') in 0.008112 seconds 
========================================================================
Received Import Request.
  Time since last request: 11.434005 seconds.
  path: Assets/Sample/Sprites/Input-active.png
  artifactKey: Guid(55f19a2f5b589674baf72b961d5885a2) Importer(815301076,1909f56bfc062723c751e8b465ee728b)
Start importing Assets/Sample/Sprites/Input-active.png using Guid(55f19a2f5b589674baf72b961d5885a2) Importer(815301076,1909f56bfc062723c751e8b465ee728b)  -> (artifact id: '71d4278adf314d9f3f0c041c585fe8f5') in 0.037640 seconds 
========================================================================
Received Import Request.
  Time since last request: 1722.114334 seconds.
  path: Assets/Sample/Sprites/Button-primary.png
  artifactKey: Guid(2e56b111cc98e634db30f0deb08c56da) Importer(815301076,1909f56bfc062723c751e8b465ee728b)
Start importing Assets/Sample/Sprites/Button-primary.png using Guid(2e56b111cc98e634db30f0deb08c56da) Importer(815301076,1909f56bfc062723c751e8b465ee728b)  -> (artifact id: '9440a39b6b8cadc2bec87100b931d0ac') in 0.015164 seconds 
========================================================================
Received Prepare
Registering precompiled user dll's ...
Registered in 0.007959 seconds.
Begin MonoManager ReloadAssembly
Symbol file LoadedFromMemory doesn't match image C:\Users\Administrator\Documents\Projects\AllArt\opensource\allart-sui-wallet\Library\PackageCache\com.unity.visualscripting@1.8.0\Editor\VisualScripting.Core\Dependencies\YamlDotNet\Unity.VisualScripting.YamlDotNet.dll
Symbol file LoadedFromMemory doesn't match image C:\Users\Administrator\Documents\Projects\AllArt\opensource\allart-sui-wallet\Library\PackageCache\com.unity.visualscripting@1.8.0\Editor\VisualScripting.Core\Dependencies\DotNetZip\Unity.VisualScripting.IonicZip.dll
Symbol file LoadedFromMemory is not a mono symbol file
Native extension for WindowsStandalone target not found
Native extension for Android target not found
Refreshing native plugins compatible for Editor in 0.51 ms, found 3 plugins.
Preloading 0 native plugins for Editor in 0.00 ms.
Mono: successfully reloaded assembly
- Completed reload, in  1.236 seconds
Domain Reload Profiling:
	ReloadAssembly (1237ms)
		BeginReloadAssembly (170ms)
			ExecutionOrderSort (0ms)
			DisableScriptedObjects (7ms)
			BackupInstance (0ms)
			ReleaseScriptingObjects (0ms)
			CreateAndSetChildDomain (46ms)
		EndReloadAssembly (948ms)
			LoadAssemblies (114ms)
			RebuildTransferFunctionScriptingTraits (0ms)
			SetupTypeCache (347ms)
			ReleaseScriptCaches (1ms)
			RebuildScriptCaches (52ms)
			SetupLoadedEditorAssemblies (361ms)
				LogAssemblyErrors (0ms)
				InitializePlatformSupportModulesInManaged (36ms)
				SetLoadedEditorAssemblies (1ms)
				RefreshPlugins (1ms)
				BeforeProcessingInitializeOnLoad (75ms)
				ProcessInitializeOnLoadAttributes (220ms)
				ProcessInitializeOnLoadMethodAttributes (21ms)
				AfterProcessingInitializeOnLoad (8ms)
				EditorAssembliesLoaded (0ms)
			ExecutionOrderSort2 (0ms)
			AwakeInstancesAfterBackupRestoration (14ms)
Platform modules already initialized, skipping
Refreshing native plugins compatible for Editor in 2.38 ms, found 3 plugins.
Preloading 0 native plugins for Editor in 0.00 ms.
Unloading 3121 Unused Serialized files (Serialized files now loaded: 0)
Unloading 23 unused Assets / (80.0 KB). Loaded Objects now: 3613.
Memory consumption went from 116.2 MB to 116.1 MB.
Total: 3.649100 ms (FindLiveObjects: 0.275000 ms CreateObjectMapping: 0.197100 ms MarkObjects: 3.088300 ms  DeleteObjects: 0.087500 ms)

AssetImportParameters requested are different than current active one (requested -> active):
  custom:video-decoder-ogg-theora: a1e56fd34408186e4bbccfd4996cb3dc -> 
  custom:container-muxer-webm: aa71ff27fc2769a1b78a27578f13a17b -> 
  custom:container-demuxer-webm: 4f35f7cbe854078d1ac9338744f61a02 -> 
  custom:video-encoder-webm-vp8: eb34c28f22e8b96e1ab97ce403110664 -> 
  custom:audio-encoder-webm-vorbis: bf7c407c2cedff20999df2af8eb42d56 -> 
  custom:framework-win-MediaFoundation: 216162199b28c13a410421893ffa2e32 -> 
  custom:container-demuxer-ogg: 62fdf1f143b41e24485cea50d1cbac27 -> 
  custom:video-decoder-webm-vp8: 9c59270c3fd7afecdb556c50c9e8de78 -> 
  custom:audio-decoder-ogg-vorbis: bf7c407c2cedff20999df2af8eb42d56 -> 
========================================================================
Received Import Request.
  Time since last request: 132.891775 seconds.
  path: Assets/Sample/Sprites/Button-primary.png
  artifactKey: Guid(2e56b111cc98e634db30f0deb08c56da) Importer(815301076,1909f56bfc062723c751e8b465ee728b)
Start importing Assets/Sample/Sprites/Button-primary.png using Guid(2e56b111cc98e634db30f0deb08c56da) Importer(815301076,1909f56bfc062723c751e8b465ee728b)  -> (artifact id: 'c7f1d77f98f08dfcf6f25348155d8b44') in 0.076741 seconds 
========================================================================
Received Import Request.
  Time since last request: 135.011726 seconds.
  path: Assets/Sample/Sprites/input-default.png
  artifactKey: Guid(8adc22720d99fb345bf45dbc85dac055) Importer(815301076,1909f56bfc062723c751e8b465ee728b)
Start importing Assets/Sample/Sprites/input-default.png using Guid(8adc22720d99fb345bf45dbc85dac055) Importer(815301076,1909f56bfc062723c751e8b465ee728b)  -> (artifact id: '6e60535bca914f63898ebf2a0ad7a84c') in 0.011498 seconds 
========================================================================
Received Import Request.
  Time since last request: 11.637661 seconds.
  path: Assets/Sample/Sprites/Button-secondary-small.png
  artifactKey: Guid(6e674f3d7f8d29d4e96f2b195e007e78) Importer(815301076,1909f56bfc062723c751e8b465ee728b)
Start importing Assets/Sample/Sprites/Button-secondary-small.png using Guid(6e674f3d7f8d29d4e96f2b195e007e78) Importer(815301076,1909f56bfc062723c751e8b465ee728b)  -> (artifact id: 'acbc41c2c3b6132ef7855d7df99a4f71') in 0.010828 seconds 
========================================================================
Received Import Request.
  Time since last request: 0.972607 seconds.
  path: Assets/Sample/Sprites/Button-secondary.png
  artifactKey: Guid(7fd8c135721741f449667b9f426fbb5e) Importer(815301076,1909f56bfc062723c751e8b465ee728b)
Start importing Assets/Sample/Sprites/Button-secondary.png using Guid(7fd8c135721741f449667b9f426fbb5e) Importer(815301076,1909f56bfc062723c751e8b465ee728b)  -> (artifact id: '818b3eb2a9114358fecf9fef3725c42e') in 0.010867 seconds 
========================================================================
Received Import Request.
  Time since last request: 22.345489 seconds.
  path: Assets/Sample/Sprites/Button-secondary.png
  artifactKey: Guid(7fd8c135721741f449667b9f426fbb5e) Importer(815301076,1909f56bfc062723c751e8b465ee728b)
Start importing Assets/Sample/Sprites/Button-secondary.png using Guid(7fd8c135721741f449667b9f426fbb5e) Importer(815301076,1909f56bfc062723c751e8b465ee728b)  -> (artifact id: 'f25d934036840c9685fb4fecb8fc2f67') in 0.018610 seconds 
========================================================================
Received Import Request.
  Time since last request: 5174.198997 seconds.
  path: Assets/Sample/Sprites/Input-active.png
  artifactKey: Guid(55f19a2f5b589674baf72b961d5885a2) Importer(815301076,1909f56bfc062723c751e8b465ee728b)
Start importing Assets/Sample/Sprites/Input-active.png using Guid(55f19a2f5b589674baf72b961d5885a2) Importer(815301076,1909f56bfc062723c751e8b465ee728b)  -> (artifact id: '62b9c3d5af13f4b3835d1109c5183ba9') in 0.013300 seconds 
========================================================================
Received Import Request.
  Time since last request: 6.045110 seconds.
  path: Assets/Sample/Sprites/Input-active.png
  artifactKey: Guid(55f19a2f5b589674baf72b961d5885a2) Importer(815301076,1909f56bfc062723c751e8b465ee728b)
Start importing Assets/Sample/Sprites/Input-active.png using Guid(55f19a2f5b589674baf72b961d5885a2) Importer(815301076,1909f56bfc062723c751e8b465ee728b)  -> (artifact id: '2fc1040e6706bade2a3ed28064866b67') in 0.009028 seconds 
========================================================================
Received Import Request.
  Time since last request: 772.681594 seconds.
  path: Assets/Sample/Sprites/Button-secondary.png
  artifactKey: Guid(7fd8c135721741f449667b9f426fbb5e) Importer(815301076,1909f56bfc062723c751e8b465ee728b)
Start importing Assets/Sample/Sprites/Button-secondary.png using Guid(7fd8c135721741f449667b9f426fbb5e) Importer(815301076,1909f56bfc062723c751e8b465ee728b)  -> (artifact id: 'd73cf66aee840b19b538775519380e9c') in 0.011212 seconds 
========================================================================
Received Import Request.
  Time since last request: 51.313836 seconds.
  path: Assets/Sample/Sprites/Button-secondary-small.png
  artifactKey: Guid(6e674f3d7f8d29d4e96f2b195e007e78) Importer(815301076,1909f56bfc062723c751e8b465ee728b)
Start importing Assets/Sample/Sprites/Button-secondary-small.png using Guid(6e674f3d7f8d29d4e96f2b195e007e78) Importer(815301076,1909f56bfc062723c751e8b465ee728b)  -> (artifact id: 'ecd933a0b126eae76465728c40034bcd') in 0.009553 seconds 
========================================================================
Received Prepare
Registering precompiled user dll's ...
Registered in 0.007030 seconds.
Begin MonoManager ReloadAssembly
Symbol file LoadedFromMemory doesn't match image C:\Users\Administrator\Documents\Projects\AllArt\opensource\allart-sui-wallet\Library\PackageCache\com.unity.visualscripting@1.8.0\Editor\VisualScripting.Core\Dependencies\YamlDotNet\Unity.VisualScripting.YamlDotNet.dll
Symbol file LoadedFromMemory doesn't match image C:\Users\Administrator\Documents\Projects\AllArt\opensource\allart-sui-wallet\Library\PackageCache\com.unity.visualscripting@1.8.0\Editor\VisualScripting.Core\Dependencies\DotNetZip\Unity.VisualScripting.IonicZip.dll
Symbol file LoadedFromMemory is not a mono symbol file
Native extension for WindowsStandalone target not found
Native extension for Android target not found
Refreshing native plugins compatible for Editor in 0.50 ms, found 3 plugins.
Preloading 0 native plugins for Editor in 0.00 ms.
Mono: successfully reloaded assembly
- Completed reload, in  1.092 seconds
Domain Reload Profiling:
	ReloadAssembly (1092ms)
		BeginReloadAssembly (149ms)
			ExecutionOrderSort (0ms)
			DisableScriptedObjects (5ms)
			BackupInstance (0ms)
			ReleaseScriptingObjects (0ms)
			CreateAndSetChildDomain (37ms)
		EndReloadAssembly (836ms)
			LoadAssemblies (105ms)
			RebuildTransferFunctionScriptingTraits (0ms)
			SetupTypeCache (289ms)
			ReleaseScriptCaches (1ms)
			RebuildScriptCaches (40ms)
			SetupLoadedEditorAssemblies (346ms)
				LogAssemblyErrors (0ms)
				InitializePlatformSupportModulesInManaged (20ms)
				SetLoadedEditorAssemblies (0ms)
				RefreshPlugins (1ms)
				BeforeProcessingInitializeOnLoad (72ms)
				ProcessInitializeOnLoadAttributes (218ms)
				ProcessInitializeOnLoadMethodAttributes (25ms)
				AfterProcessingInitializeOnLoad (10ms)
				EditorAssembliesLoaded (0ms)
			ExecutionOrderSort2 (0ms)
			AwakeInstancesAfterBackupRestoration (16ms)
Platform modules already initialized, skipping
Refreshing native plugins compatible for Editor in 2.14 ms, found 3 plugins.
Preloading 0 native plugins for Editor in 0.00 ms.
Unloading 3121 Unused Serialized files (Serialized files now loaded: 0)
Unloading 23 unused Assets / (80.0 KB). Loaded Objects now: 3618.
Memory consumption went from 116.2 MB to 116.1 MB.
Total: 10.912800 ms (FindLiveObjects: 0.264700 ms CreateObjectMapping: 0.167200 ms MarkObjects: 10.337000 ms  DeleteObjects: 0.142300 ms)

AssetImportParameters requested are different than current active one (requested -> active):
  custom:video-decoder-ogg-theora: a1e56fd34408186e4bbccfd4996cb3dc -> 
  custom:container-muxer-webm: aa71ff27fc2769a1b78a27578f13a17b -> 
  custom:container-demuxer-webm: 4f35f7cbe854078d1ac9338744f61a02 -> 
  custom:video-encoder-webm-vp8: eb34c28f22e8b96e1ab97ce403110664 -> 
  custom:audio-encoder-webm-vorbis: bf7c407c2cedff20999df2af8eb42d56 -> 
  custom:framework-win-MediaFoundation: 216162199b28c13a410421893ffa2e32 -> 
  custom:container-demuxer-ogg: 62fdf1f143b41e24485cea50d1cbac27 -> 
  custom:video-decoder-webm-vp8: 9c59270c3fd7afecdb556c50c9e8de78 -> 
  custom:audio-decoder-ogg-vorbis: bf7c407c2cedff20999df2af8eb42d56 -> 
========================================================================
Received Prepare
Registering precompiled user dll's ...
Registered in 0.006866 seconds.
Begin MonoManager ReloadAssembly
Symbol file LoadedFromMemory doesn't match image C:\Users\Administrator\Documents\Projects\AllArt\opensource\allart-sui-wallet\Library\PackageCache\com.unity.visualscripting@1.8.0\Editor\VisualScripting.Core\Dependencies\YamlDotNet\Unity.VisualScripting.YamlDotNet.dll
Symbol file LoadedFromMemory doesn't match image C:\Users\Administrator\Documents\Projects\AllArt\opensource\allart-sui-wallet\Library\PackageCache\com.unity.visualscripting@1.8.0\Editor\VisualScripting.Core\Dependencies\DotNetZip\Unity.VisualScripting.IonicZip.dll
Symbol file LoadedFromMemory is not a mono symbol file
Native extension for WindowsStandalone target not found
Native extension for Android target not found
Refreshing native plugins compatible for Editor in 0.72 ms, found 3 plugins.
Preloading 0 native plugins for Editor in 0.00 ms.
Mono: successfully reloaded assembly
- Completed reload, in  1.034 seconds
Domain Reload Profiling:
	ReloadAssembly (1035ms)
		BeginReloadAssembly (162ms)
			ExecutionOrderSort (0ms)
			DisableScriptedObjects (6ms)
			BackupInstance (0ms)
			ReleaseScriptingObjects (0ms)
			CreateAndSetChildDomain (34ms)
		EndReloadAssembly (763ms)
			LoadAssemblies (109ms)
			RebuildTransferFunctionScriptingTraits (0ms)
			SetupTypeCache (296ms)
			ReleaseScriptCaches (1ms)
			RebuildScriptCaches (37ms)
			SetupLoadedEditorAssemblies (280ms)
				LogAssemblyErrors (0ms)
				InitializePlatformSupportModulesInManaged (20ms)
				SetLoadedEditorAssemblies (0ms)
				RefreshPlugins (1ms)
				BeforeProcessingInitializeOnLoad (59ms)
				ProcessInitializeOnLoadAttributes (174ms)
				ProcessInitializeOnLoadMethodAttributes (18ms)
				AfterProcessingInitializeOnLoad (8ms)
				EditorAssembliesLoaded (0ms)
			ExecutionOrderSort2 (0ms)
			AwakeInstancesAfterBackupRestoration (12ms)
Platform modules already initialized, skipping
Refreshing native plugins compatible for Editor in 2.18 ms, found 3 plugins.
Preloading 0 native plugins for Editor in 0.00 ms.
Unloading 3121 Unused Serialized files (Serialized files now loaded: 0)
Unloading 23 unused Assets / (80.0 KB). Loaded Objects now: 3621.
Memory consumption went from 116.2 MB to 116.1 MB.
Total: 2.828900 ms (FindLiveObjects: 0.223700 ms CreateObjectMapping: 0.125200 ms MarkObjects: 2.381900 ms  DeleteObjects: 0.096400 ms)

AssetImportParameters requested are different than current active one (requested -> active):
  custom:video-decoder-ogg-theora: a1e56fd34408186e4bbccfd4996cb3dc -> 
  custom:container-muxer-webm: aa71ff27fc2769a1b78a27578f13a17b -> 
  custom:container-demuxer-webm: 4f35f7cbe854078d1ac9338744f61a02 -> 
  custom:video-encoder-webm-vp8: eb34c28f22e8b96e1ab97ce403110664 -> 
  custom:audio-encoder-webm-vorbis: bf7c407c2cedff20999df2af8eb42d56 -> 
  custom:framework-win-MediaFoundation: 216162199b28c13a410421893ffa2e32 -> 
  custom:container-demuxer-ogg: 62fdf1f143b41e24485cea50d1cbac27 -> 
  custom:video-decoder-webm-vp8: 9c59270c3fd7afecdb556c50c9e8de78 -> 
  custom:audio-decoder-ogg-vorbis: bf7c407c2cedff20999df2af8eb42d56 -> 
